Started GET "/abc/123/345" at 2018-10-16 23:49:54 +8
Completed 200 OK in 33ms

Started GET "/favicon.ico" at 2018-10-16 23:49:54 +8
Completed 404 Not Found in 5ms

Started GET "/abc/123/345" at 2018-10-17 22:25:27 +8
Completed 304 Not Modified in 377ms

Started GET "/favicon.ico" at 2018-10-17 22:25:27 +8
Completed 404 Not Found in 5ms

Started GET "/abc/123/345" at 2018-10-17 22:27:06 +8
Completed 304 Not Modified in 13ms

Started GET "/abc/123/345" at 2018-10-17 22:27:13 +8
Completed 200 OK in 346ms

Started GET "/abc/123/345" at 2018-10-17 22:27:14 +8
Completed 200 OK in 11ms

Started GET "/abc/123/345" at 2018-10-17 22:27:27 +8
Completed 200 OK in 345ms

Started GET "/abc/123/345" at 2018-10-17 22:27:48 +8
Completed 200 OK in 342ms

Started GET "/abc/123/345" at 2018-10-17 22:30:26 +8
Completed 304 Not Modified in 478ms

Started GET "/abc/123/345" at 2018-10-17 22:31:28 +8
Completed 304 Not Modified in 495ms

Started GET "/abc/123/345" at 2018-10-17 22:32:45 +8
Completed 304 Not Modified in 384ms

Started GET "/abc/123/345" at 2018-10-17 22:34:10 +8
Completed 304 Not Modified in 521ms

Started GET "/abc/123/345" at 2018-10-17 22:35:25 +8
Completed 304 Not Modified in 485ms

Started GET "/abc/123/345" at 2018-10-17 22:36:28 +8
Completed 304 Not Modified in 21ms

Started GET "/abc/123/345" at 2018-10-17 22:38:10 +8
Completed 304 Not Modified in 14ms

Started GET "/abc/123/345" at 2018-10-17 22:38:48 +8
Completed 304 Not Modified in 357ms

Started GET "/abc/123/345" at 2018-10-17 22:39:32 +8
Completed 304 Not Modified in 14ms

Started GET "/abc/123/345" at 2018-10-17 22:39:38 +8
Completed 304 Not Modified in 10ms

Started GET "/abc/123/345" at 2018-10-17 22:40:05 +8
Completed 304 Not Modified in 10ms

Started GET "/abc/123/345" at 2018-10-17 22:40:32 +8
Completed 304 Not Modified in 8ms

Started GET "/abc/123/345" at 2018-10-17 22:43:36 +8
Completed 304 Not Modified in 9ms

Started GET "/abc/123/345" at 2018-10-17 22:43:50 +8
Completed 304 Not Modified in 349ms

Started GET "/abc/123/34" at 2018-10-17 22:44:00 +8
Completed 200 OK in 13ms

Started GET "/abc/123/34" at 2018-10-17 22:45:06 +8
Completed 304 Not Modified in 17ms

Started GET "/abc/123/34" at 2018-10-17 22:47:37 +8
[object Object]
Completed 304 Not Modified in 14ms

Started GET "/abc/123/34" at 2018-10-17 22:47:53 +8
[object Object]
Completed 304 Not Modified in 11ms

Started GET "/abc/123/34" at 2018-10-17 22:48:37 +8
method,options,timeout,cancelOnTimeout,bindings,__knexQueryUid,sql
Completed 304 Not Modified in 9ms

Started GET "/abc/123/34" at 2018-10-17 22:49:00 +8
select `users`.* from `users` limit ?
Completed 304 Not Modified in 10ms

Started GET "/abc/123/34" at 2018-10-17 22:51:35 +8
{"method":"select","options":{},"timeout":false,"cancelOnTimeout":false,"bindings":[1],"__knexQueryUid":"9f96527c-a1c7-4ad1-990a-2624feca1251","sql":"select `users`.* from `users` limit ?"}
Completed 304 Not Modified in 17ms

Started GET "/abc/123/34" at 2018-10-17 22:52:41 +8
Completed 500 Internal Server Error in 8ms

Started GET "/abc/123/34" at 2018-10-17 22:53:14 +8
	[object Object]
Completed 200 OK in 7ms

Started GET "/abc/123/34" at 2018-10-17 22:53:25 +8
	select `users`.* from `users` limit ?
Completed 304 Not Modified in 9ms

Started GET "/abc/123/34" at 2018-10-17 22:57:41 +8
  [1m[35mSQL (0.2ms)[0mselect `users`.* from `users` limit ?
Completed 304 Not Modified in 386ms

Started GET "/abc/123/34" at 2018-10-17 22:58:06 +8
  [1m[35mSQL (0.2ms)[0m select `users`.* from `users` limit ?
Completed 304 Not Modified in 16ms

Started GET "/abc/123/34" at 2018-10-17 22:59:14 +8
  [1m[35mSQL (0.2ms)[0m select `users`.* from `users` limit ?1
Completed 304 Not Modified in 15ms

Started GET "/abc/123/34" at 2018-10-17 22:59:35 +8
  [1m[35mSQL (0.2ms)[0m select `users`.* from `users` limit ? | 1
Completed 304 Not Modified in 10ms

Started GET "/abc/123/34" at 2018-10-17 23:00:37 +8
  [1m[35mSQL (0.2ms)[0m select `users`.* from `users` limit ? [1]
Completed 304 Not Modified in 9ms

Started GET "/abc/123/34" at 2018-10-17 23:22:52 +8
  [1m[35mSQL (0.2ms)[0m select `users`.* from `users` limit ? [1]
Completed 304 Not Modified in 13ms

Started GET "/abc/123/34" at 2018-10-17 23:23:06 +8
  [1m[35mSQL (0.2ms)[0m select `users`.* from `users` limit ? [1]
  [1m[35mSQL (0.2ms)[0m select `users`.* from `users` limit ? [1]
Completed 304 Not Modified in 425ms

Started GET "/abc/123/34" at 2018-10-17 23:23:25 +8
  [1m[35mSQL[0m select `users`.* from `users` limit ? [1]
  [1m[35mSQL[0m select `users`.* from `users` limit ? [1]
Completed 304 Not Modified in 20ms

Started GET "/session/code_image" at 2018-10-23 22:13:23 +8
Completed 500 Internal Server Error in 33ms

Started GET "/abc" at 2018-10-23 22:13:30 +8
Completed 500 Internal Server Error in 3ms

Started GET "/favicon.ico" at 2018-10-23 22:13:30 +8
Completed 500 Internal Server Error in 1ms

Started GET "/abc" at 2018-10-23 22:14:24 +8
Completed 200 OK in 15ms

Started GET "/favicon.ico" at 2018-10-23 22:14:24 +8
Completed 404 Not Found in 12ms

Started GET "/abc" at 2018-10-23 22:14:49 +8
Completed 304 Not Modified in 15ms

Started GET "/abc" at 2018-10-23 22:15:16 +8
Completed 304 Not Modified in 13ms

Started GET "/abc" at 2018-10-23 22:15:40 +8
Completed 500 Internal Server Error in 23ms

Started GET "/abc" at 2018-10-23 22:16:04 +8
Completed 500 Internal Server Error in 21ms

Started GET "/abc" at 2018-10-23 22:16:34 +8
  Parameters: {"abc":"123"}
Completed 200 OK in 14ms

Started POST "/abc" at 2018-10-23 22:18:01 +8
  Parameters: {"aaa":"123","bbb":{"size":1283,"path":"/Users/fred/projects/qt/koa-template/public/upload/upload_c161be35932f3a4dd78c802c7f482e79.txt","name":"offical.txt","type":"text/plain","mtime":"2018-10-23T14:18:01.574Z"}}
Completed 200 OK in 11ms

Started POST "/abc" at 2018-10-23 22:24:00 +8
  Parameters: {"aaa":"123","bbb":{"size":1283,"path":"/Users/fred/projects/qt/koa-template/public/upload/upload_24fb10ea4dfba72f59c4b007642385bc.txt","name":"offical.txt","type":"text/plain","mtime":"2018-10-23T14:24:00.331Z"}}
Completed 200 OK in 5ms

Started POST "/abc" at 2018-10-23 22:24:24 +8
  Parameters: {"aaa":"123","bbb":{"size":1283,"path":"/Users/fred/projects/qt/koa-template/public/upload/upload_d67c7ed75bd7339c53f896cb7622eb9f.txt","name":"offical.txt","type":"text/plain","mtime":"2018-10-23T14:24:24.252Z"}}
Completed 200 OK in 4ms

Started POST "/abc" at 2018-10-23 22:24:39 +8
  Parameters: {"aaa":"123","bbb":{"size":1283,"path":"/Users/fred/projects/qt/koa-template/public/upload/upload_97973fbad10f219aaaa6bd39dc266515.txt","name":"offical.txt","type":"text/plain","mtime":"2018-10-23T14:24:39.468Z"}}
Completed 200 OK in 3ms

Started POST "/abc" at 2018-10-23 22:29:01 +8
  Parameters: {"aaa":"123","bbb":{"size":1283,"path":"/var/folders/dc/mr8r2r6d107gpz993k4mwk8w0000gn/T/upload_9f5628bd9ad1c85f5d6cbd46d930e8e0.txt","name":"offical.txt","type":"text/plain","mtime":"2018-10-23T14:29:01.719Z"}}
Completed 200 OK in 26ms

Started POST "/abc" at 2018-10-23 22:32:53 +8
  Parameters: {"aaa":"123","bbb":{"size":1283,"path":"/var/folders/dc/mr8r2r6d107gpz993k4mwk8w0000gn/T/upload_a2a4174accc904309418b264964943bb.txt","name":"offical.txt","type":"text/plain","mtime":"2018-10-23T14:32:53.952Z"}}
Completed 200 OK in 29ms

Started POST "/abc" at 2018-10-23 22:42:37 +8
  Parameters: {"aaa":"123","bbb":{"size":1283,"path":"/var/folders/dc/mr8r2r6d107gpz993k4mwk8w0000gn/T/upload_548d88b82365ce3e88b9e00325ff4b46.txt","name":"offical.txt","type":"text/plain","mtime":"2018-10-23T14:42:37.063Z"}}
Completed 200 OK in 6ms

Started POST "/abc" at 2018-10-23 22:43:03 +8
  Parameters: {"aaa":"123","bbb":{"size":1283,"path":"/var/folders/dc/mr8r2r6d107gpz993k4mwk8w0000gn/T/upload_05673f28360d319b1324cade9fe1d019.txt","name":"offical.txt","type":"text/plain","mtime":"2018-10-23T14:43:03.180Z"}}
Completed 200 OK in 30ms

Started POST "/abc" at 2018-10-23 22:50:47 +8
  Parameters: {"aaa":"123","bbb":{"size":1283,"path":"/var/folders/dc/mr8r2r6d107gpz993k4mwk8w0000gn/T/upload_049c3d2473a48ad4e5845ee6a2a56265.txt","name":"offical.txt","type":"text/plain","mtime":"2018-10-23T14:50:47.479Z"}}
Completed 500 Internal Server Error in 19ms

Started POST "/abc" at 2018-10-23 22:53:38 +8
  Parameters: {"aaa":"123","bbb":{"size":1283,"path":"/var/folders/dc/mr8r2r6d107gpz993k4mwk8w0000gn/T/upload_c3f8f590d888b76d2b33d94052b2a6dd.txt","name":"offical.txt","type":"text/plain","mtime":"2018-10-23T14:53:38.681Z"}}
Completed 200 OK in 5ms

Started POST "/abc" at 2018-10-23 22:53:54 +8
  Parameters: {"aaa":"123","bbb":{"size":1283,"path":"/var/folders/dc/mr8r2r6d107gpz993k4mwk8w0000gn/T/upload_6faebe245e2a681f77b9c701e8b7f472.txt","name":"offical.txt","type":"text/plain","mtime":"2018-10-23T14:53:54.689Z"}}
Completed 200 OK in 3ms

Started POST "/abc" at 2018-10-23 22:55:04 +8
  Parameters: {"aaa":"123","bbb":{"size":1283,"path":"/var/folders/dc/mr8r2r6d107gpz993k4mwk8w0000gn/T/upload_4d4af315a9c5ae5d0acaa92f3e7116a1.txt","name":"offical.txt","type":"text/plain","mtime":"2018-10-23T14:55:04.079Z"}}
Completed 200 OK in 4ms

Started POST "/abc" at 2018-10-23 22:55:18 +8
  Parameters: {"aaa":"123","bbb":{"size":1283,"path":"/var/folders/dc/mr8r2r6d107gpz993k4mwk8w0000gn/T/upload_2e51303c2f0a9683b7a876ea052ccd6f.txt","name":"offical.txt","type":"text/plain","mtime":"2018-10-23T14:55:18.785Z"}}
Completed 200 OK in 5ms

Started POST "/abc" at 2018-10-23 22:59:16 +8
  Parameters: [object Object]
Completed 200 OK in 23ms

Started GET "/feng/application" at 2018-10-29 21:28:57 +8
  Parameters: {}
Completed 200 OK in 43ms

Started GET "/favicon.ico" at 2018-10-29 21:28:57 +8
  Parameters: {}
Completed 404 Not Found in 8ms

Started GET "/feng/application" at 2018-10-29 21:29:28 +8
  Parameters: {}
Completed 500 Internal Server Error in 7ms

Started GET "/feng/application" at 2018-10-29 21:29:42 +8
  Parameters: {}
Completed 500 Internal Server Error in 6ms

Started GET "/feng/application" at 2018-10-29 21:30:41 +8
  Parameters: {"abc":"123"}
Completed 200 OK in 40ms

Started GET "/feng/application" at 2018-10-29 21:30:47 +8
  Parameters: {"abc":"123"}
Completed 500 Internal Server Error in 8ms

Started GET "/feng/application" at 2018-10-29 21:31:46 +8
  Parameters: {"abc":"123"}
Completed 200 OK in 28ms

Started GET "/feng/application" at 2018-10-29 21:31:52 +8
Started GET "/" at 2018-11-25 17:46:25 +8
Completed 404 Not Found in 44ms

Started GET "/favicon.ico" at 2018-11-25 17:46:25 +8
Completed 404 Not Found in 2ms

Started GET "/test" at 2018-11-25 17:46:31 +8
Processing by TestController#index
  Parameters: {}
Completed 304 Not Modified in 10ms

Started GET "/word_analysis" at 2018-11-25 17:53:33 +8
Completed 404 Not Found in 23ms

Started GET "/word_analysis/index" at 2018-11-25 17:54:06 +8
Completed 404 Not Found in 5ms

Started GET "/word_analysis/index" at 2018-11-25 17:54:46 +8
Completed 404 Not Found in 2ms

Started GET "/word_analysis/index" at 2018-11-25 17:54:52 +8
Completed 404 Not Found in 21ms

Started GET "/word_analysis/index" at 2018-11-25 17:54:53 +8
Completed 404 Not Found in 2ms

Started GET "/word_analysis/" at 2018-11-25 17:55:00 +8
Completed 404 Not Found in 3ms

Started GET "/word_analysis/" at 2018-11-25 17:55:49 +8
Completed 404 Not Found in 3ms

Started GET "/word_analysis" at 2018-11-25 17:55:52 +8
Completed 404 Not Found in 2ms

Started GET "/word_analysis" at 2018-11-25 17:55:58 +8
Completed 404 Not Found in 21ms

Started GET "/word_analysis" at 2018-11-25 17:56:39 +8
Completed 404 Not Found in 22ms

Started GET "/test" at 2018-11-25 17:57:03 +8
Processing by TestController#index
  Parameters: {}
Completed 304 Not Modified in 29ms

Started GET "/test" at 2018-11-25 17:59:26 +8
Processing by TestController#index
  Parameters: {}
Completed 304 Not Modified in 24ms

Started GET "/word_analysis" at 2018-11-25 17:59:37 +8
Completed 404 Not Found in 6ms

Started GET "/word_analysis" at 2018-11-25 18:02:15 +8
Completed 404 Not Found in 26ms

Started GET "/word_analysis" at 2018-11-25 18:05:49 +8
Processing by WordAnalysisController#index
  Parameters: {}
Completed 200 OK in 29ms

Started GET "/word_analysis" at 2018-11-25 18:09:34 +8
Processing by WordAnalysisController#index
  Parameters: {}
Completed 200 OK in 5ms

Started GET "/word_analysis" at 2018-11-25 18:12:38 +8
Processing by WordAnalysisController#index
  Parameters: {}
Completed 304 Not Modified in 5ms

Started POST "/word_analysis" at 2018-11-25 18:12:41 +8
Completed 415 Unsupported Media Type in 17ms

Started POST "/word_analysis" at 2018-11-25 18:13:39 +8
Completed 415 Unsupported Media Type in 3ms

Started POST "/word_analysis" at 2018-11-25 18:14:07 +8
Completed 415 Unsupported Media Type in 2ms

Started GET "/word_analysis" at 2018-11-25 18:20:50 +8
Processing by WordAnalysisController#index
  Parameters: {}
Completed 200 OK in 27ms

Started POST "/word_analysis" at 2018-11-25 18:20:51 +8
Completed 415 Unsupported Media Type in 15ms

Started POST "/word_analysis" at 2018-11-25 18:21:14 +8
Completed 415 Unsupported Media Type in 5ms

Started POST "/word_analysis" at 2018-11-25 18:23:40 +8
Processing by WordAnalysisController#create
  Parameters: {"aaa":"123","bbb":{"size":0,"path":"/var/folders/dc/mr8r2r6d107gpz993k4mwk8w0000gn/T/upload_7f8825da1b2217d5cbdf809ce07a4481","name":"","type":"application/octet-stream","mtime":null}}
Completed 200 OK in 13ms

Started POST "/word_analysis" at 2018-11-25 18:24:27 +8
Completed 415 Unsupported Media Type in 2ms

Started GET "/word_analysis" at 2018-11-25 18:24:28 +8
Processing by WordAnalysisController#index
  Parameters: {}
Completed 200 OK in 4ms

Started GET "/word_analysis" at 2018-11-25 18:24:29 +8
Processing by WordAnalysisController#index
  Parameters: {}
Completed 304 Not Modified in 4ms

Started POST "/word_analysis" at 2018-11-25 18:24:31 +8
Completed 415 Unsupported Media Type in 2ms

Started POST "/word_analysis" at 2018-11-25 18:25:44 +8
Completed 415 Unsupported Media Type in 4ms

Started POST "/word_analysis" at 2018-11-25 18:26:35 +8
Processing by WordAnalysisController#create
  Parameters: {"aaa":"123","bbb":{"size":0,"path":"/var/folders/dc/mr8r2r6d107gpz993k4mwk8w0000gn/T/upload_920305014f9a5ef146839b28fb6df8fe","name":"","type":"application/octet-stream","mtime":null}}
Completed 200 OK in 5ms

Started POST "/word_analysis" at 2018-11-25 18:26:47 +8
Processing by WordAnalysisController#create
  Parameters: {"aaa":"123","bbb":{"size":0,"path":"/var/folders/dc/mr8r2r6d107gpz993k4mwk8w0000gn/T/upload_576f44f325d761347554d9dc1e46f5d2","name":"","type":"application/octet-stream","mtime":null}}
Completed 200 OK in 5ms

Started POST "/word_analysis" at 2018-11-25 18:27:17 +8
Processing by WordAnalysisController#create
  Parameters: {"aaa":"123","bbb":{"size":0,"path":"/var/folders/dc/mr8r2r6d107gpz993k4mwk8w0000gn/T/upload_10c70c0bbe1d21b90082001d2d0202fc","name":"","type":"application/octet-stream","mtime":null}}
Completed 200 OK in 7ms

Started POST "/word_analysis" at 2018-11-25 18:28:00 +8
Processing by WordAnalysisController#create
  Parameters: {"aaa":"123","bbb":{"size":0,"path":"/var/folders/dc/mr8r2r6d107gpz993k4mwk8w0000gn/T/upload_71d835ae74ac1288a7545fcc1a4277b5","name":"","type":"application/octet-stream","mtime":null}}
Completed 200 OK in 5ms

Started POST "/word_analysis" at 2018-11-25 18:28:15 +8
Processing by WordAnalysisController#create
  Parameters: {"aaa":"123"}
Completed 200 OK in 8ms

Started POST "/word_analysis" at 2018-11-25 18:28:47 +8
Processing by WordAnalysisController#create
  Parameters: {"aaa":"123"}
Completed 200 OK in 5ms

Started POST "/word_analysis" at 2018-11-25 18:29:35 +8
Processing by WordAnalysisController#create
  Parameters: {"aaa":"123"}
Completed 200 OK in 3ms

Started POST "/word_analysis" at 2018-11-25 18:30:32 +8
Completed 415 Unsupported Media Type in 4ms

Started POST "/word_analysis" at 2018-11-25 18:32:05 +8
Completed 415 Unsupported Media Type in 42ms

Started GET "/word_analysis" at 2018-11-25 18:32:08 +8
Processing by WordAnalysisController#index
  Parameters: {}
Completed 200 OK in 9ms

Started GET "/word_analysis" at 2018-11-25 18:32:09 +8
Processing by WordAnalysisController#index
  Parameters: {}
Completed 304 Not Modified in 4ms

Started POST "/word_analysis" at 2018-11-25 18:32:11 +8
Completed 415 Unsupported Media Type in 3ms

Started POST "/word_analysis" at 2018-11-25 18:32:17 +8
Completed 415 Unsupported Media Type in 2ms

Started POST "/word_analysis" at 2018-11-25 18:34:40 +8
Completed 415 Unsupported Media Type in 36ms

Started POST "/word_analysis" at 2018-11-25 18:34:41 +8
Completed 415 Unsupported Media Type in 3ms

Started POST "/word_analysis" at 2018-11-25 18:40:27 +8
Processing by WordAnalysisController#create
  Parameters: {}
Completed 200 OK in 32ms

Started POST "/word_analysis" at 2018-11-25 18:44:16 +8
Completed 415 Unsupported Media Type in 37ms

Started POST "/word_analysis" at 2018-11-25 18:44:26 +8
Processing by WordAnalysisController#create
  Parameters: {}
Completed 200 OK in 14ms

Started POST "/word_analysis" at 2018-11-25 18:48:12 +8
Completed 415 Unsupported Media Type in 42ms

Started POST "/word_analysis" at 2018-11-25 18:49:13 +8
Completed 415 Unsupported Media Type in 36ms

Started POST "/word_analysis" at 2018-11-25 18:50:30 +8
Completed 415 Unsupported Media Type in 37ms

Started POST "/word_analysis" at 2018-11-25 18:51:10 +8
Completed 415 Unsupported Media Type in 39ms

Started POST "/word_analysis" at 2018-11-25 18:52:05 +8
Completed 415 Unsupported Media Type in 39ms

Started POST "/word_analysis" at 2018-11-25 18:54:18 +8
Completed 415 Unsupported Media Type in 36ms

Started POST "/word_analysis" at 2018-11-25 18:54:44 +8
Completed 415 Unsupported Media Type in 36ms

Started POST "/word_analysis" at 2018-11-25 20:27:23 +8
Completed 415 Unsupported Media Type in 36ms

Started POST "/word_analysis" at 2018-11-25 20:27:34 +8
Completed 415 Unsupported Media Type in 36ms

Started POST "/word_analysis" at 2018-11-25 20:30:33 +8
Completed 415 Unsupported Media Type in 43ms

Started POST "/word_analysis" at 2018-11-25 20:30:51 +8
Completed 415 Unsupported Media Type in 40ms

Started POST "/word_analysis" at 2018-11-25 20:31:20 +8
Completed 415 Unsupported Media Type in 39ms

Started POST "/word_analysis" at 2018-11-25 20:32:24 +8
Completed 415 Unsupported Media Type in 41ms

Started POST "/word_analysis" at 2018-11-25 20:32:59 +8
Completed 415 Unsupported Media Type in 46ms

Started POST "/word_analysis" at 2018-11-25 20:33:44 +8
Completed 415 Unsupported Media Type in 34ms

Started POST "/word_analysis" at 2018-11-25 21:40:21 +8
Completed 415 Unsupported Media Type in 37ms

Started POST "/word_analysis" at 2018-11-25 21:40:26 +8
Completed 415 Unsupported Media Type in 5ms

Started POST "/word_analysis" at 2018-11-25 21:40:43 +8
Processing by WordAnalysisController#create
  Parameters: {"aaa":"123"}
Completed 200 OK in 15ms

Started POST "/word_analysis" at 2018-11-25 21:41:32 +8
Processing by WordAnalysisController#create
  Parameters: {}
Completed 200 OK in 4ms

Started POST "/word_analysis" at 2018-11-25 21:41:42 +8
Processing by WordAnalysisController#create
  Parameters: {}
Completed 200 OK in 4ms

Started POST "/word_analysis" at 2018-11-25 21:41:45 +8
Completed 415 Unsupported Media Type in 2ms

Started POST "/word_analysis" at 2018-11-25 21:41:52 +8
Processing by WordAnalysisController#create
  Parameters: {}
Completed 200 OK in 3ms

Started POST "/word_analysis" at 2018-11-25 21:42:33 +8
Processing by WordAnalysisController#create
  Parameters: {}
Completed 200 OK in 31ms

Started POST "/word_analysis" at 2018-11-25 21:42:56 +8
Processing by WordAnalysisController#create
  Parameters: {}
Completed 200 OK in 32ms

Started POST "/word_analysis" at 2018-11-25 21:43:20 +8
Processing by WordAnalysisController#create
  Parameters: {}
Completed 200 OK in 30ms

Started POST "/word_analysis" at 2018-11-25 21:45:24 +8
Processing by WordAnalysisController#create
  Parameters: {}
Completed 200 OK in 29ms

Started POST "/word_analysis" at 2018-11-25 21:45:52 +8
Processing by WordAnalysisController#create
  Parameters: {}
Completed 200 OK in 32ms

Started POST "/word_analysis" at 2018-11-25 21:46:14 +8
Processing by WordAnalysisController#create
  Parameters: {}
Completed 200 OK in 29ms

Started POST "/word_analysis" at 2018-11-25 21:46:27 +8
Processing by WordAnalysisController#create
  Parameters: {}
Completed 200 OK in 6ms

Started POST "/word_analysis" at 2018-11-25 21:48:34 +8
Processing by WordAnalysisController#create
  Parameters: {}
Completed 200 OK in 31ms

Started POST "/word_analysis" at 2018-11-25 21:49:05 +8
Processing by WordAnalysisController#create
  Parameters: {}
Completed 200 OK in 6ms

Started POST "/word_analysis" at 2018-11-25 21:49:06 +8
Processing by WordAnalysisController#create
  Parameters: {}
Completed 200 OK in 4ms

Started POST "/word_analysis" at 2018-11-25 21:49:14 +8
Processing by WordAnalysisController#create
  Parameters: {}
Completed 200 OK in 3ms

Started POST "/word_analysis" at 2018-11-25 21:50:02 +8
Processing by WordAnalysisController#create
  Parameters: {}
Completed 200 OK in 34ms

Started POST "/word_analysis" at 2018-11-25 21:57:12 +8
Processing by WordAnalysisController#create
  Parameters: {}
Completed 200 OK in 29ms

Started POST "/word_analysis" at 2018-11-25 21:57:24 +8
Processing by WordAnalysisController#create
  Parameters: {}
Completed 200 OK in 5ms

Started POST "/word_analysis" at 2018-11-25 21:57:44 +8
Completed 415 Unsupported Media Type in 38ms

Started POST "/word_analysis" at 2018-11-25 21:59:35 +8
Processing by WordAnalysisController#create
  Parameters: {}
Completed 200 OK in 29ms

Started POST "/word_analysis" at 2018-11-25 22:00:00 +8
Processing by WordAnalysisController#create
  Parameters: {}
Completed 200 OK in 29ms

Started POST "/word_analysis" at 2018-11-25 22:00:35 +8
Processing by WordAnalysisController#create
  Parameters: {}
Completed 200 OK in 28ms

Started POST "/word_analysis" at 2018-11-25 22:00:41 +8
Processing by WordAnalysisController#create
  Parameters: {}
Completed 200 OK in 5ms

Started POST "/word_analysis" at 2018-11-25 22:00:46 +8
Processing by WordAnalysisController#create
  Parameters: {}
Completed 200 OK in 5ms

Started POST "/word_analysis" at 2018-11-25 22:01:21 +8
Processing by WordAnalysisController#create
  Parameters: {}
Completed 200 OK in 30ms

Started POST "/word_analysis" at 2018-11-25 22:06:08 +8
Completed 415 Unsupported Media Type in 37ms

Started POST "/word_analysis" at 2018-11-25 22:06:58 +8
Completed 415 Unsupported Media Type in 38ms

Started POST "/word_analysis" at 2018-11-25 22:07:17 +8
Completed 415 Unsupported Media Type in 38ms

Started POST "/word_analysis" at 2018-11-25 22:08:02 +8
Completed 415 Unsupported Media Type in 39ms

Started POST "/word_analysis" at 2018-11-25 22:08:57 +8
Completed 415 Unsupported Media Type in 38ms

Started POST "/word_analysis" at 2018-11-25 22:10:36 +8
Completed 415 Unsupported Media Type in 36ms

Started POST "/word_analysis" at 2018-11-25 22:12:02 +8
Completed 415 Unsupported Media Type in 36ms

Started POST "/word_analysis" at 2018-11-25 22:12:24 +8
Completed 415 Unsupported Media Type in 36ms

Started POST "/word_analysis" at 2018-11-25 22:13:24 +8
Completed 415 Unsupported Media Type in 5ms

Started POST "/word_analysis" at 2018-11-25 22:13:33 +8
Completed 415 Unsupported Media Type in 35ms

Started POST "/word_analysis" at 2018-11-25 22:14:03 +8
Completed 415 Unsupported Media Type in 38ms

Started POST "/word_analysis" at 2018-11-25 22:14:40 +8
Completed 415 Unsupported Media Type in 37ms

Started POST "/word_analysis" at 2018-11-25 22:15:14 +8
Completed 415 Unsupported Media Type in 37ms

Started POST "/word_analysis" at 2018-11-25 22:17:49 +8
Completed 415 Unsupported Media Type in 35ms

Started POST "/word_analysis" at 2018-11-25 22:18:12 +8
Completed 415 Unsupported Media Type in 38ms

Started POST "/word_analysis" at 2018-11-25 22:18:30 +8
Completed 415 Unsupported Media Type in 36ms

Started POST "/word_analysis" at 2018-11-25 22:18:44 +8
Completed 415 Unsupported Media Type in 4ms

Started POST "/word_analysis" at 2018-11-25 22:20:49 +8
Completed 415 Unsupported Media Type in 37ms

Started POST "/word_analysis" at 2018-11-25 22:25:05 +8
Completed 415 Unsupported Media Type in 38ms

Started POST "/word_analysis" at 2018-11-25 22:25:28 +8
Completed 415 Unsupported Media Type in 36ms

Started POST "/word_analysis" at 2018-11-25 22:26:20 +8
Completed 415 Unsupported Media Type in 37ms

Started POST "/word_analysis" at 2018-11-25 22:27:35 +8
Completed 415 Unsupported Media Type in 37ms

Started POST "/word_analysis" at 2018-11-25 22:28:30 +8
Completed 415 Unsupported Media Type in 38ms

Started POST "/word_analysis" at 2018-11-25 22:29:15 +8
Completed 415 Unsupported Media Type in 36ms

Started POST "/word_analysis" at 2018-11-25 22:29:32 +8
Completed 415 Unsupported Media Type in 40ms

Started POST "/word_analysis" at 2018-11-25 22:32:58 +8
Completed 415 Unsupported Media Type in 36ms

Started POST "/word_analysis" at 2018-11-25 22:33:27 +8
Processing by WordAnalysisController#create
  Parameters: {"aaa":"123"}
Completed 200 OK in 16ms

Started POST "/word_analysis" at 2018-11-25 22:35:20 +8
Completed 415 Unsupported Media Type in 4ms

Started POST "/word_analysis" at 2018-11-25 22:35:31 +8
Completed 415 Unsupported Media Type in 4ms

Started POST "/word_analysis" at 2018-11-25 22:36:02 +8
Processing by WordAnalysisController#create
  Parameters: {}
Completed 200 OK in 45ms

Started POST "/word_analysis" at 2018-11-25 22:36:19 +8
Processing by WordAnalysisController#create
  Parameters: {"------WebKitFormBoundaryfW07P5tYj1YpJMad\r\nContent-Disposition: form-data; name":"\"aaa\"\r\n\r\n123\r\n------WebKitFormBoundaryfW07P5tYj1YpJMad--\r\n"}
Completed 200 OK in 7ms

Started POST "/word_analysis" at 2018-11-25 22:36:34 +8
Processing by WordAnalysisController#create
  Parameters: {"aaa":"123"}
Completed 200 OK in 4ms

Started POST "/word_analysis" at 2018-11-25 22:38:20 +8
Processing by WordAnalysisController#create
  Parameters: {"aaa":"123"}
Completed 200 OK in 3ms

Started POST "/word_analysis" at 2018-11-25 22:38:26 +8
Processing by WordAnalysisController#create
  Parameters: {"aaa":"123"}
Completed 200 OK in 8ms

Started POST "/word_analysis" at 2018-11-25 22:38:47 +8
Processing by WordAnalysisController#create
  Parameters: {"aaa":"123"}
Completed 200 OK in 4ms

Started POST "/word_analysis" at 2018-11-25 22:39:00 +8
Processing by WordAnalysisController#create
  Parameters: {"{\"abcd\": 123}":""}
Completed 200 OK in 3ms

Started POST "/word_analysis" at 2018-11-25 22:39:31 +8
Processing by WordAnalysisController#create
  Parameters: {"abcd":123}
Completed 200 OK in 3ms

